<?xml version="1.0" encoding="UTF-8"?>
<!-- Generated by org.testng.reporters.JUnitReportReporter -->
<testsuite skipped="0" hostname="W00185VDI" name="restassuredTests.Demo1_GET_Request" tests="1" failures="0" timestamp="18 Mar 2020 05:48:38 GMT" time="2.569" errors="0">
  <testcase name="getWeatherDetails" time="2.569" classname="restassuredTests.Demo1_GET_Request"/>
</testsuite> <!-- restassuredTests.Demo1_GET_Request -->
