<?xml version="1.0" encoding="UTF-8"?>
<!-- Generated by org.testng.reporters.JUnitReportReporter -->
<testsuite skipped="0" hostname="W00185VDI" name="restassuredTests.Demo2_POST_Request" tests="1" failures="0" timestamp="18 Mar 2020 05:57:18 GMT" time="1.862" errors="0">
  <testcase name="testpost" time="1.862" classname="restassuredTests.Demo2_POST_Request"/>
</testsuite> <!-- restassuredTests.Demo2_POST_Request -->
