<?xml version="1.0" encoding="UTF-8"?>
<!-- Generated by org.testng.reporters.JUnitReportReporter -->
<testsuite skipped="0" hostname="W00185VDI" name="testcases.TC001_GET_Request" tests="1" failures="0" timestamp="17 Mar 2020 06:27:43 GMT" time="1.818" errors="0">
  <testcase name="getWeatherDetails" time="1.818" classname="testcases.TC001_GET_Request"/>
</testsuite> <!-- testcases.TC001_GET_Request -->
