<?xml version="1.0" encoding="UTF-8"?>
<!-- Generated by org.testng.reporters.JUnitReportReporter -->
<testsuite skipped="0" hostname="W00185VDI" name="datadriventesting.Datadriven_Postnewemployee" tests="3" failures="0" timestamp="17 Mar 2020 07:16:49 GMT" time="2.942" errors="0">
  <testcase name="postnewemployee" time="0.299" classname="datadriventesting.Datadriven_Postnewemployee"/>
  <testcase name="postnewemployee" time="0.388" classname="datadriventesting.Datadriven_Postnewemployee"/>
  <testcase name="postnewemployee" time="2.255" classname="datadriventesting.Datadriven_Postnewemployee"/>
</testsuite> <!-- datadriventesting.Datadriven_Postnewemployee -->
