<?xml version="1.0" encoding="UTF-8"?>
<!-- Generated by org.testng.reporters.JUnitReportReporter -->
<testsuite skipped="0" hostname="W00185VDI" name="testcases.TC004_CheckAuthorization" tests="1" failures="0" timestamp="21 Nov 2019 08:39:33 GMT" time="1.818" errors="0">
  <testcase name="getWeatherDetails" time="1.818" classname="testcases.TC004_CheckAuthorization"/>
</testsuite> <!-- testcases.TC004_CheckAuthorization -->
