<?xml version="1.0" encoding="UTF-8"?>
<!-- Generated by org.testng.reporters.JUnitReportReporter -->
<testsuite skipped="0" hostname="W00185VDI" name="testcases.TC003_ValidateJsonpath" tests="1" failures="0" timestamp="21 Nov 2019 08:34:34 GMT" time="2.250" errors="0">
  <testcase name="getWeatherDetails" time="2.250" classname="testcases.TC003_ValidateJsonpath"/>
</testsuite> <!-- testcases.TC003_ValidateJsonpath -->
